e:\cpp projects\nativeproj\manageddllwrapper\debug\manageddllwrapper.pch
e:\cpp projects\nativeproj\manageddllwrapper\debug\vc120.pdb
e:\cpp projects\nativeproj\manageddllwrapper\debug\stdafx.obj
e:\cpp projects\nativeproj\manageddllwrapper\debug\manageddllwrapper.obj
e:\cpp projects\nativeproj\manageddllwrapper\debug\assemblyinfo.obj
e:\cpp projects\nativeproj\manageddllwrapper\debug\.netframework,version=v4.5.2.assemblyattributes.obj
e:\cpp projects\nativeproj\debug\manageddllwrapper.dll
e:\cpp projects\nativeproj\debug\manageddllwrapper.pdb
e:\cpp projects\nativeproj\manageddllwrapper\debug\app.res
e:\cpp projects\nativeproj\manageddllwrapper\debug\managedd.0e34234d.tlog\cl.command.1.tlog
e:\cpp projects\nativeproj\manageddllwrapper\debug\managedd.0e34234d.tlog\cl.read.1.tlog
e:\cpp projects\nativeproj\manageddllwrapper\debug\managedd.0e34234d.tlog\cl.write.1.tlog
e:\cpp projects\nativeproj\manageddllwrapper\debug\managedd.0e34234d.tlog\link.command.1.tlog
e:\cpp projects\nativeproj\manageddllwrapper\debug\managedd.0e34234d.tlog\link.read.1.tlog
e:\cpp projects\nativeproj\manageddllwrapper\debug\managedd.0e34234d.tlog\link.write.1.tlog
e:\cpp projects\nativeproj\manageddllwrapper\debug\managedd.0e34234d.tlog\metagen.read.1.tlog
e:\cpp projects\nativeproj\manageddllwrapper\debug\managedd.0e34234d.tlog\metagen.write.1.tlog
e:\cpp projects\nativeproj\manageddllwrapper\debug\managedd.0e34234d.tlog\rc.command.1.tlog
e:\cpp projects\nativeproj\manageddllwrapper\debug\managedd.0e34234d.tlog\rc.read.1.tlog
e:\cpp projects\nativeproj\manageddllwrapper\debug\managedd.0e34234d.tlog\rc.write.1.tlog
e:\cpp projects\nativeproj\manageddllwrapper\debug\managedd.0e34234d.tlog\tzres.dll.bi
