Build started 30/11/2016 2:09:02 CH.
     1>Project "E:\cpp projects\NativeProj\managedDllWrapper\managedDllWrapper.vcxproj" on node 2 (Rebuild target(s)).
     1>ClCompile:
         C:\Program Files (x86)\Microsoft Visual Studio 12.0\VC\bin\CL.exe /c /IE:\opencv\build\include /AI"C:\Program Files (x86)\Reference Assemblies\Microsoft\Framework\.NETFramework\v4.5.2\\" /AI"C:\Program Files (x86)\Windows Kits\8.1\References\CommonConfiguration\Neutral" /AI"C:\Program Files (x86)\Reference Assemblies\Microsoft\Framework\.NETFramework\v4.5.2\Facades\\" /Zi /clr /nologo /W3 /WX- /Od /Oy- /D WIN32 /D _DEBUG /D _WINDLL /D _UNICODE /D UNICODE /EHa /MDd /GS /fp:precise /Zc:wchar_t /Zc:forScope /Yc"stdafx.h" /Fp"Debug\managedDllWrapper.pch" /Fo"Debug\\" /Fd"Debug\vc120.pdb" /TP /FU"C:\Program Files (x86)\Reference Assemblies\Microsoft\Framework\.NETFramework\v4.5.2\mscorlib.dll" /FU"C:\Program Files (x86)\Reference Assemblies\Microsoft\Framework\.NETFramework\v4.5.2\System.Data.dll" /FU"C:\Program Files (x86)\Reference Assemblies\Microsoft\Framework\.NETFramework\v4.5.2\System.dll" /FU"C:\Program Files (x86)\Reference Assemblies\Microsoft\Framework\.NETFramework\v4.5.2\System.Xml.dll" /analyze- /errorReport:prompt /clr:nostdlib Stdafx.cpp
         Stdafx.cpp
         C:\Program Files (x86)\Microsoft Visual Studio 12.0\VC\bin\CL.exe /c /IE:\opencv\build\include /AI"C:\Program Files (x86)\Reference Assemblies\Microsoft\Framework\.NETFramework\v4.5.2\\" /AI"C:\Program Files (x86)\Windows Kits\8.1\References\CommonConfiguration\Neutral" /AI"C:\Program Files (x86)\Reference Assemblies\Microsoft\Framework\.NETFramework\v4.5.2\Facades\\" /Zi /clr /nologo /W3 /WX- /Od /Oy- /D WIN32 /D _DEBUG /D _WINDLL /D _UNICODE /D UNICODE /EHa /MDd /GS /fp:precise /Zc:wchar_t /Zc:forScope /Yu"stdafx.h" /Fp"Debug\managedDllWrapper.pch" /Fo"Debug\\" /Fd"Debug\vc120.pdb" /TP /FU"C:\Program Files (x86)\Reference Assemblies\Microsoft\Framework\.NETFramework\v4.5.2\mscorlib.dll" /FU"C:\Program Files (x86)\Reference Assemblies\Microsoft\Framework\.NETFramework\v4.5.2\System.Data.dll" /FU"C:\Program Files (x86)\Reference Assemblies\Microsoft\Framework\.NETFramework\v4.5.2\System.dll" /FU"C:\Program Files (x86)\Reference Assemblies\Microsoft\Framework\.NETFramework\v4.5.2\System.Xml.dll" /analyze- /errorReport:prompt /clr:nostdlib AssemblyInfo.cpp managedDllWrapper.cpp
         AssemblyInfo.cpp
         managedDllWrapper.cpp
         Generating Code...
     1>e:\opencv\build\include\opencv2\core\cvstd.hpp(592): warning C4793: 'cv::String::String' : function compiled as native :
         	Found an intrinsic not supported in managed code
     1>e:\opencv\build\include\opencv2\core\mat.inl.hpp(381): warning C4793: 'cv::Mat::Mat' : function compiled as native :
         	Found an intrinsic not supported in managed code
     1>e:\opencv\build\include\opencv2\core\mat.inl.hpp(666): warning C4793: 'cv::Mat::release' : function compiled as native :
         	Found an intrinsic not supported in managed code
     1>e:\opencv\build\include\opencv2\core\mat.inl.hpp(1703): warning C4793: 'cv::SparseMat::addref' : function compiled as native :
         	Found an intrinsic not supported in managed code
     1>e:\opencv\build\include\opencv2\core\mat.inl.hpp(3304): warning C4793: 'cv::UMat::addref' : function compiled as native :
         	Found an intrinsic not supported in managed code
     1>e:\opencv\build\include\opencv2\core\ptr.inl.hpp(67): warning C4793: 'cv::detail::PtrOwner::incRef' : function compiled as native :
         	Found an intrinsic not supported in managed code
     1>e:\opencv\build\include\opencv2\core\ptr.inl.hpp(72): warning C4793: 'cv::detail::PtrOwner::decRef' : function compiled as native :
         	Found an intrinsic not supported in managed code
     1>e:\opencv\build\include\opencv2\core\mat.inl.hpp(565): warning C4793: 'cv::Mat::operator=' : function compiled as native :
         	Found an intrinsic not supported in managed code
         C:\Program Files (x86)\Microsoft Visual Studio 12.0\VC\bin\CL.exe /c /IE:\opencv\build\include /Zi /clr /nologo /W3 /WX- /Od /Oy- /D WIN32 /D _DEBUG /D _WINDLL /D _UNICODE /D UNICODE /EHa /MDd /GS /fp:precise /Zc:wchar_t /Zc:forScope /Fo"Debug\\" /Fd"Debug\vc120.pdb" /TP /analyze- /errorReport:prompt "C:\Windows\TEMP\.NETFramework,Version=v4.5.2.AssemblyAttributes.cpp"
         .NETFramework,Version=v4.5.2.AssemblyAttributes.cpp
       ResourceCompile:
         C:\Program Files (x86)\Windows Kits\8.1\bin\x86\rc.exe /D _UNICODE /D UNICODE /l"0x0409" /nologo /fo"Debug\app.res" app.rc 
       Link:
         C:\Program Files (x86)\Microsoft Visual Studio 12.0\VC\bin\link.exe /ERRORREPORT:PROMPT /OUT:"E:\cpp projects\NativeProj\Debug\managedDllWrapper.dll" /INCREMENTAL /NOLOGO /LIBPATH:"E:\cpp projects\NativeProj\Debug" /LIBPATH:E:\opencv\build\x86\vc12\lib opencv_ts300d.lib opencv_world300d.lib Vehicle_Counting.lib kernel32.lib user32.lib gdi32.lib winspool.lib comdlg32.lib advapi32.lib shell32.lib ole32.lib oleaut32.lib uuid.lib odbc32.lib odbccp32.lib /MANIFEST /MANIFESTUAC:"level='asInvoker' uiAccess='false'" /manifest:embed /DEBUG /PDB:"E:\cpp projects\NativeProj\Debug\managedDllWrapper.pdb" /ASSEMBLYDEBUG /TLBID:1 /DYNAMICBASE /FIXED:NO /NXCOMPAT /MACHINE:X86 /DLL Debug\app.res
         Debug\AssemblyInfo.obj
         Debug\managedDllWrapper.obj
         Debug\Stdafx.obj
         "Debug\.NETFramework,Version=v4.5.2.AssemblyAttributes.obj"
     1>Vehicle_Counting.lib(Blob.obj) : warning LNK4075: ignoring '/EDITANDCONTINUE' due to '/OPT:LBR' specification
     1>managedDllWrapper.obj : warning LNK4248: unresolved typeref token (0100001F) for 'CvVideoWriter'; image may not run
     1>managedDllWrapper.obj : warning LNK4248: unresolved typeref token (01000020) for 'cv.IVideoWriter'; image may not run
     1>opencv_ts300d.lib(ts.obj) : warning LNK4099: PDB 'opencv_ts300d.pdb' was not found with 'opencv_ts300d.lib(ts.obj)' or at 'E:\cpp projects\NativeProj\Debug\opencv_ts300d.pdb'; linking object as if no debug info
     1>opencv_ts300d.lib(ts_gtest.obj) : warning LNK4099: PDB 'opencv_ts300d.pdb' was not found with 'opencv_ts300d.lib(ts_gtest.obj)' or at 'E:\cpp projects\NativeProj\Debug\opencv_ts300d.pdb'; linking object as if no debug info
     1>opencv_ts300d.lib(ts_perf.obj) : warning LNK4099: PDB 'opencv_ts300d.pdb' was not found with 'opencv_ts300d.lib(ts_perf.obj)' or at 'E:\cpp projects\NativeProj\Debug\opencv_ts300d.pdb'; linking object as if no debug info
     1>opencv_ts300d.lib(opencv_ts_pch.obj) : warning LNK4099: PDB 'opencv_ts300d.pdb' was not found with 'opencv_ts300d.lib(opencv_ts_pch.obj)' or at 'E:\cpp projects\NativeProj\Debug\opencv_ts300d.pdb'; linking object as if no debug info
         managedDllWrapper.vcxproj -> E:\cpp projects\NativeProj\Debug\managedDllWrapper.dll
     1>Done Building Project "E:\cpp projects\NativeProj\managedDllWrapper\managedDllWrapper.vcxproj" (Rebuild target(s)).

Build succeeded.

Time Elapsed 00:00:03.29
